<?xml version="1.0" encoding="UTF-8"?>
<!-- Generated by org.testng.reporters.JUnitReportReporter -->
<testsuite hostname="LAPTOP-VHO7M4VD" failures="0" tests="5" name="TestCases.FailedTest" time="23.224" errors="0" timestamp="2022-11-04T11:09:06 IST" skipped="0">
  <testcase classname="TestCases.FailedTest" name="verifyBotlogoTest" time="3.015"/>
  <system-out/>
  <testcase classname="TestCases.FailedTest" name="loginToApp2Test" time="3.675"/>
  <system-out/>
  <testcase classname="TestCases.FailedTest" name="loginToApp11Test" time="8.836"/>
  <system-out/>
  <testcase classname="TestCases.FailedTest" name="verifyTitleTest" time="4.583"/>
  <system-out/>
  <testcase classname="TestCases.FailedTest" name="verifyUrlTest" time="3.115"/>
  <system-out/>
</testsuite> <!-- TestCases.FailedTest -->
