<?xml version="1.0" encoding="UTF-8"?>
<!-- Generated by org.testng.reporters.JUnitReportReporter -->
<testsuite hostname="LAPTOP-VHO7M4VD" failures="0" tests="3" name="TestCases.InventoryPageTest" time="3.793" errors="0" timestamp="2022-11-04T11:09:06 IST" skipped="2">
  <testcase classname="TestCases.InventoryPageTest" name="verifysmallLogoTest" time="3.793"/>
  <system-out/>
  <testcase classname="TestCases.InventoryPageTest" name="add6ProductTest">
    <skipped/>
  </testcase> <!-- add6ProductTest -->
  <system-out/>
  <testcase classname="TestCases.InventoryPageTest" name="verifyBigLogoTest">
    <skipped/>
  </testcase> <!-- verifyBigLogoTest -->
  <system-out/>
</testsuite> <!-- TestCases.InventoryPageTest -->
